<?xml version="1.0" encoding="UTF-8"?>
<!-- Generated by org.testng.reporters.JUnitXMLReporter -->
<testsuite ignored="0" hostname="Zainaya" failures="0" tests="10" name="chromeTest" time="76.777" errors="0" timestamp="2026-01-02T15:44:30 EST">
  <testcase classname="testCases.TC01_LaunchApplication" name="testLaunchApplication" time="0.048"/>
  <testcase classname="testCases.TC03_AddToCart" name="testAddToCart" time="5.863"/>
  <testcase classname="testCases.TC05_AddToWishList" name="testAddToWishList" time="6.133"/>
  <testcase classname="testCases.TC06_AddAffiliate" name="testAddAffiliate" time="8.462"/>
  <testcase classname="testCases.TC02_Login" name="testLogin" time="2.587"/>
  <testcase classname="testCases.TC02_Login" name="testLogin" time="3.446"/>
  <testcase classname="testCases.TC02_Login" name="testLogin" time="2.23"/>
  <testcase classname="testCases.TC02_Login" name="testLogin" time="3.59"/>
  <testcase classname="testCases.TC02_Login" name="testLogin" time="2.604"/>
  <testcase classname="testCases.TC04_CompletePurchase" name="testCompletePurchase" time="13.782"/>
</testsuite> <!-- chromeTest -->
