<?xml version="1.0" encoding="UTF-8"?>
<!-- Generated by org.testng.reporters.JUnitXMLReporter -->
<testsuite ignored="0" hostname="Zainaya" failures="0" tests="10" name="edgeTest" time="78.957" errors="0" timestamp="2026-01-02T15:44:31 EST">
  <testcase classname="testCases.TC01_LaunchApplication" name="testLaunchApplication" time="1.193"/>
  <testcase classname="testCases.TC03_AddToCart" name="testAddToCart" time="7.728"/>
  <testcase classname="testCases.TC05_AddToWishList" name="testAddToWishList" time="5.404"/>
  <testcase classname="testCases.TC06_AddAffiliate" name="testAddAffiliate" time="8.162"/>
  <testcase classname="testCases.TC02_Login" name="testLogin" time="2.735"/>
  <testcase classname="testCases.TC02_Login" name="testLogin" time="2.061"/>
  <testcase classname="testCases.TC02_Login" name="testLogin" time="3.209"/>
  <testcase classname="testCases.TC02_Login" name="testLogin" time="2.728"/>
  <testcase classname="testCases.TC02_Login" name="testLogin" time="3.074"/>
  <testcase classname="testCases.TC04_CompletePurchase" name="testCompletePurchase" time="12.522"/>
</testsuite> <!-- edgeTest -->
