<?xml version="1.0" encoding="UTF-8"?>
<!-- Generated by org.testng.reporters.JUnitXMLReporter -->
<testsuite ignored="0" hostname="Zainaya" failures="1" tests="12" name="firefoxTest" time="95.251" errors="0" timestamp="2026-01-02T15:44:48 EST">
  <testcase classname="testCases.TC01_LaunchApplication" name="testLaunchApplication" time="0.052"/>
  <testcase classname="testCases.TC03_AddToCart" name="testAddToCart" time="4.01"/>
  <testcase classname="testCases.TC05_AddToWishList" name="testAddToWishList" time="4.233"/>
  <testcase classname="testCases.TC06_AddAffiliate" name="testAddAffiliate" time="4.222"/>
  <testcase classname="testCases.TC02_Login" name="testLogin" time="2.046"/>
  <testcase classname="testCases.TC02_Login" name="testLogin" time="1.597"/>
  <testcase classname="testCases.TC02_Login" name="testLogin" time="1.579"/>
  <testcase classname="testCases.TC02_Login" name="testLogin" time="1.422"/>
  <testcase classname="testCases.TC02_Login" name="testLogin" time="1.347"/>
  <testcase classname="testCases.TC04_CompletePurchase" name="testCompletePurchase" time="5.659">
    <skipped/>
  </testcase> <!-- testCompletePurchase -->
  <testcase classname="testCases.TC04_CompletePurchase" name="testCompletePurchase" time="0.617">
    <skipped/>
  </testcase> <!-- testCompletePurchase -->
  <testcase classname="testCases.TC04_CompletePurchase" name="testCompletePurchase" time="0.603">
    <failure type="java.lang.AssertionError" message="Test failed due to exception: Element &amp;lt;a class=&amp;quot;nav-link dropdown-toggle&amp;quot; href=&amp;quot;https://www.cloudberrystore.services/index.php?route=product/category&amp;amp;language=en-gb&amp;amp;path=18&amp;quot;&amp;gt; is not clickable at point (260,21) because another element &amp;lt;div id=&amp;quot;modal-shipping&amp;quot; class=&amp;quot;modal show&amp;quot;&amp;gt; obscures it
Build info: version: &amp;apos;4.31.0&amp;apos;, revision: &amp;apos;1ef9f18787*&amp;apos;
System info: os.name: &amp;apos;Windows 11&amp;apos;, os.arch: &amp;apos;amd64&amp;apos;, os.version: &amp;apos;10.0&amp;apos;, java.version: &amp;apos;21.0.6&amp;apos;
Driver info: org.openqa.selenium.remote.RemoteWebDriver
Command: [71e0062e-18b5-44ce-82c0-4b7649e31995, clickElement {id=63e1addb-7786-4532-aa20-4e7fdded03fd}]
Capabilities {acceptInsecureCerts: true, browserName: firefox, browserVersion: 146.0.1, moz:accessibilityChecks: false, moz:buildID: 20251217121356, moz:firefoxOptions: {binary: C:\Users\shada\.cache\selen..., prefs: {remote.active-protocols: 3}}, moz:geckodriverVersion: 0.36.0, moz:headless: false, moz:platformVersion: 10.0, moz:processID: 21328, moz:profile: C:\Users\shada\AppData\Loca..., moz:shutdownTimeout: 60000, moz:webdriverClick: true, moz:windowless: false, pageLoadStrategy: normal, platformName: Windows 11, proxy: Proxy(), se:bidiEnabled: false, se:cdpEnabled: false, setWindowRect: true, strictFileInteractability: false, timeouts: {implicit: 0, pageLoad: 300000, script: 30000}, unhandledPromptBehavior: dismiss and notify, userAgent: Mozilla/5.0 (Windows NT 10....}
Element: [[RemoteWebDriver: firefox on Windows 11 (71e0062e-18b5-44ce-82c0-4b7649e31995)] -&amp;gt; xpath: //a[normalize-space()=&amp;apos;Laptops &amp;amp; Notebooks&amp;apos;]]
Session ID: 71e0062e-18b5-44ce-82c0-4b7649e31995">
      <![CDATA[java.lang.AssertionError: Test failed due to exception: Element <a class="nav-link dropdown-toggle" href="https://www.cloudberrystore.services/index.php?route=product/category&language=en-gb&path=18"> is not clickable at point (260,21) because another element <div id="modal-shipping" class="modal show"> obscures it
Build info: version: '4.31.0', revision: '1ef9f18787*'
System info: os.name: 'Windows 11', os.arch: 'amd64', os.version: '10.0', java.version: '21.0.6'
Driver info: org.openqa.selenium.remote.RemoteWebDriver
Command: [71e0062e-18b5-44ce-82c0-4b7649e31995, clickElement {id=63e1addb-7786-4532-aa20-4e7fdded03fd}]
Capabilities {acceptInsecureCerts: true, browserName: firefox, browserVersion: 146.0.1, moz:accessibilityChecks: false, moz:buildID: 20251217121356, moz:firefoxOptions: {binary: C:\Users\shada\.cache\selen..., prefs: {remote.active-protocols: 3}}, moz:geckodriverVersion: 0.36.0, moz:headless: false, moz:platformVersion: 10.0, moz:processID: 21328, moz:profile: C:\Users\shada\AppData\Loca..., moz:shutdownTimeout: 60000, moz:webdriverClick: true, moz:windowless: false, pageLoadStrategy: normal, platformName: Windows 11, proxy: Proxy(), se:bidiEnabled: false, se:cdpEnabled: false, setWindowRect: true, strictFileInteractability: false, timeouts: {implicit: 0, pageLoad: 300000, script: 30000}, unhandledPromptBehavior: dismiss and notify, userAgent: Mozilla/5.0 (Windows NT 10....}
Element: [[RemoteWebDriver: firefox on Windows 11 (71e0062e-18b5-44ce-82c0-4b7649e31995)] -> xpath: //a[normalize-space()='Laptops & Notebooks']]
Session ID: 71e0062e-18b5-44ce-82c0-4b7649e31995
at testCases.TC04_CompletePurchase.testCompletePurchase(TC04_CompletePurchase.java:105)
at java.base/java.util.ArrayList.forEach(ArrayList.java:1596)
at java.base/java.util.concurrent.FutureTask.run(FutureTask.java:317)
at java.base/java.util.concurrent.ThreadPoolExecutor.runWorker(ThreadPoolExecutor.java:1144)
at java.base/java.util.concurrent.ThreadPoolExecutor$Worker.run(ThreadPoolExecutor.java:642)
at java.base/java.lang.Thread.run(Thread.java:1583)
... Removed 16 stack frames]]>
    </failure>
  </testcase> <!-- testCompletePurchase -->
</testsuite> <!-- firefoxTest -->
