<?xml version="1.0" encoding="UTF-8"?>
<!-- Generated by org.testng.reporters.JUnitXMLReporter -->
<testsuite ignored="0" hostname="Zainaya" failures="0" tests="6" name="Test" time="39.766" errors="0" timestamp="2025-12-29T15:59:47 EST">
  <testcase classname="testCases.TC01_LaunchApplication" name="testLaunchApplication" time="0.079"/>
  <testcase classname="testCases.TC03_AddToCart" name="testAddToCart" time="4.376"/>
  <testcase classname="testCases.TC05_AddToWishList" name="testAddToWishList" time="3.786"/>
  <testcase classname="testCases.TC06_AddAffiliate" name="testAddAffiliate" time="4.05"/>
  <testcase classname="testCases.TC02_Login" name="testLogin" time="1.451"/>
  <testcase classname="testCases.TC04_CompletePurchase" name="testCompletePurchase" time="7.622"/>
</testsuite> <!-- Test -->
