<?xml version="1.0" encoding="UTF-8"?>
<!-- Generated by org.testng.reporters.JUnitXMLReporter -->
<testsuite ignored="0" hostname="Zainaya" failures="0" tests="10" name="edgeTest" time="69.836" errors="0" timestamp="2026-01-05T16:28:19 EST">
  <testcase classname="testCases.TC01_LaunchApplication" name="testLaunchApplication" time="0.022"/>
  <testcase classname="testCases.TC03_AddToCart" name="testAddToCart" time="4.421"/>
  <testcase classname="testCases.TC05_AddToWishList" name="testAddToWishList" time="6.672"/>
  <testcase classname="testCases.TC06_AddAffiliate" name="testAddAffiliate" time="7.983"/>
  <testcase classname="testCases.TC02_Login" name="testLogin" time="2.611"/>
  <testcase classname="testCases.TC02_Login" name="testLogin" time="2.023"/>
  <testcase classname="testCases.TC02_Login" name="testLogin" time="3.311"/>
  <testcase classname="testCases.TC02_Login" name="testLogin" time="3.324"/>
  <testcase classname="testCases.TC02_Login" name="testLogin" time="3.038"/>
  <testcase classname="testCases.TC04_CompletePurchase" name="testCompletePurchase" time="9.797"/>
</testsuite> <!-- edgeTest -->
