<?xml version="1.0" encoding="UTF-8"?>
<!-- Generated by org.testng.reporters.JUnitXMLReporter -->
<testsuite ignored="0" hostname="Zainaya" failures="1" tests="12" name="firefoxTest" time="92.56" errors="0" timestamp="2026-01-05T16:28:40 EST">
  <testcase classname="testCases.TC01_LaunchApplication" name="testLaunchApplication" time="0.037"/>
  <testcase classname="testCases.TC03_AddToCart" name="testAddToCart" time="4.304"/>
  <testcase classname="testCases.TC05_AddToWishList" name="testAddToWishList" time="4.795"/>
  <testcase classname="testCases.TC06_AddAffiliate" name="testAddAffiliate" time="3.518"/>
  <testcase classname="testCases.TC02_Login" name="testLogin" time="1.97"/>
  <testcase classname="testCases.TC02_Login" name="testLogin" time="1.525"/>
  <testcase classname="testCases.TC02_Login" name="testLogin" time="1.506"/>
  <testcase classname="testCases.TC02_Login" name="testLogin" time="1.388"/>
  <testcase classname="testCases.TC02_Login" name="testLogin" time="1.254"/>
  <testcase classname="testCases.TC04_CompletePurchase" name="testCompletePurchase" time="5.375">
    <skipped/>
  </testcase> <!-- testCompletePurchase -->
  <testcase classname="testCases.TC04_CompletePurchase" name="testCompletePurchase" time="1.879">
    <skipped/>
  </testcase> <!-- testCompletePurchase -->
  <testcase classname="testCases.TC04_CompletePurchase" name="testCompletePurchase" time="1.945">
    <failure type="java.lang.AssertionError" message="Test failed due to exception: Element &amp;lt;a href=&amp;quot;https://www.cloudberrystore.services/index.php?route=product/product&amp;amp;language=en-gb&amp;amp;product_id=47&amp;quot;&amp;gt; could not be scrolled into view
Build info: version: &amp;apos;4.31.0&amp;apos;, revision: &amp;apos;1ef9f18787*&amp;apos;
System info: os.name: &amp;apos;Windows 11&amp;apos;, os.arch: &amp;apos;amd64&amp;apos;, os.version: &amp;apos;10.0&amp;apos;, java.version: &amp;apos;21.0.6&amp;apos;
Driver info: org.openqa.selenium.firefox.FirefoxDriver
Command: [4e08ad43-1c15-4e11-a633-cc7ac7d74265, clickElement {id=3e942280-9326-4ed2-bde0-f5ef9f85db5d}]
Capabilities {acceptInsecureCerts: true, browserName: firefox, browserVersion: 146.0.1, moz:accessibilityChecks: false, moz:buildID: 20251217121356, moz:geckodriverVersion: 0.36.0, moz:headless: false, moz:platformVersion: 10.0, moz:processID: 48780, moz:profile: C:\Users\shada\AppData\Loca..., moz:shutdownTimeout: 60000, moz:webdriverClick: true, moz:windowless: false, pageLoadStrategy: normal, platformName: windows, proxy: Proxy(), setWindowRect: true, strictFileInteractability: false, timeouts: {implicit: 0, pageLoad: 300000, script: 30000}, unhandledPromptBehavior: dismiss and notify, userAgent: Mozilla/5.0 (Windows NT 10....}
Element: [[FirefoxDriver: firefox on windows (4e08ad43-1c15-4e11-a633-cc7ac7d74265)] -&amp;gt; xpath: //a[normalize-space()=&amp;apos;HP LP3065&amp;apos;]]
Session ID: 4e08ad43-1c15-4e11-a633-cc7ac7d74265">
      <![CDATA[java.lang.AssertionError: Test failed due to exception: Element <a href="https://www.cloudberrystore.services/index.php?route=product/product&language=en-gb&product_id=47"> could not be scrolled into view
Build info: version: '4.31.0', revision: '1ef9f18787*'
System info: os.name: 'Windows 11', os.arch: 'amd64', os.version: '10.0', java.version: '21.0.6'
Driver info: org.openqa.selenium.firefox.FirefoxDriver
Command: [4e08ad43-1c15-4e11-a633-cc7ac7d74265, clickElement {id=3e942280-9326-4ed2-bde0-f5ef9f85db5d}]
Capabilities {acceptInsecureCerts: true, browserName: firefox, browserVersion: 146.0.1, moz:accessibilityChecks: false, moz:buildID: 20251217121356, moz:geckodriverVersion: 0.36.0, moz:headless: false, moz:platformVersion: 10.0, moz:processID: 48780, moz:profile: C:\Users\shada\AppData\Loca..., moz:shutdownTimeout: 60000, moz:webdriverClick: true, moz:windowless: false, pageLoadStrategy: normal, platformName: windows, proxy: Proxy(), setWindowRect: true, strictFileInteractability: false, timeouts: {implicit: 0, pageLoad: 300000, script: 30000}, unhandledPromptBehavior: dismiss and notify, userAgent: Mozilla/5.0 (Windows NT 10....}
Element: [[FirefoxDriver: firefox on windows (4e08ad43-1c15-4e11-a633-cc7ac7d74265)] -> xpath: //a[normalize-space()='HP LP3065']]
Session ID: 4e08ad43-1c15-4e11-a633-cc7ac7d74265
at testCases.TC04_CompletePurchase.testCompletePurchase(TC04_CompletePurchase.java:105)
at java.base/java.util.ArrayList.forEach(ArrayList.java:1596)
at java.base/java.util.concurrent.FutureTask.run(FutureTask.java:317)
at java.base/java.util.concurrent.ThreadPoolExecutor.runWorker(ThreadPoolExecutor.java:1144)
at java.base/java.util.concurrent.ThreadPoolExecutor$Worker.run(ThreadPoolExecutor.java:642)
at java.base/java.lang.Thread.run(Thread.java:1583)
... Removed 16 stack frames]]>
    </failure>
  </testcase> <!-- testCompletePurchase -->
</testsuite> <!-- firefoxTest -->
