<?xml version="1.0" encoding="UTF-8"?>
<testsuite xmlns:xsi="http://www.w3.org/2001/XMLSchema-instance" xsi:noNamespaceSchemaLocation="https://maven.apache.org/surefire/maven-surefire-plugin/xsd/surefire-test-report.xsd" version="3.0.2" name="TestSuite" time="199.299" tests="34" errors="0" skipped="4" failures="2">
  <properties>
[...]
</properties>
  <testcase name="testLaunchApplication" classname="testCases.TC01_LaunchApplication" time="0.043">
    <system-err><![CDATA[2026-01-05T21:27:06.839036700Z main INFO Starting configuration XmlConfiguration[location=C:\Workspaces\Dec2025BatchTest\NinjaV6\target\test-classes\log4j2.xml, lastModified=2026-01-01T21:09:03.589Z]...
2026-01-05T21:27:06.840070Z main INFO Configuration XmlConfiguration[location=C:\Workspaces\Dec2025BatchTest\NinjaV6\target\test-classes\log4j2.xml, lastModified=2026-01-01T21:09:03.589Z] started.
2026-01-05T21:27:06.844032600Z main INFO Stopping configuration org.apache.logging.log4j.core.config.DefaultConfiguration@1139b2f3...
2026-01-05T21:27:06.844581700Z main INFO Configuration org.apache.logging.log4j.core.config.DefaultConfiguration@1139b2f3 stopped.
Jan 05, 2026 4:27:07 PM org.openqa.selenium.manager.SeleniumManager lambda$runCommand$1
WARNING: There was an error managing msedgedriver (error sending request for url (https://msedgedriver.azureedge.net/LATEST_RELEASE_143_WINDOWS)); using driver found in the cache
Jan 05, 2026 4:27:08 PM org.openqa.selenium.devtools.CdpVersionFinder findNearestMatch
WARNING: Unable to find CDP implementation matching 143
Jan 05, 2026 4:27:08 PM org.openqa.selenium.devtools.CdpVersionFinder findNearestMatch
WARNING: Unable to find CDP implementation matching 143
Jan 05, 2026 4:27:08 PM org.openqa.selenium.chromium.ChromiumDriver lambda$new$4
WARNING: Unable to find version of CDP to use for 143.0.3650.96. You may need to include a dependency on a specific version of the CDP using something similar to `org.seleniumhq.selenium:selenium-devtools-v86:4.31.0` where the version ("v86") matches the version of the chromium-based browser you're using and the version number of the artifact is the same as Selenium's.
Jan 05, 2026 4:27:08 PM org.openqa.selenium.chromium.ChromiumDriver lambda$new$4
WARNING: Unable to find version of CDP to use for 143.0.7499.170. You may need to include a dependency on a specific version of the CDP using something similar to `org.seleniumhq.selenium:selenium-devtools-v86:4.31.0` where the version ("v86") matches the version of the chromium-based browser you're using and the version number of the artifact is the same as Selenium's.
]]></system-err>
  </testcase>
  <testcase name="testLaunchApplication" classname="testCases.TC01_LaunchApplication" time="0.111"/>
  <testcase name="testLaunchApplication" classname="testCases.TC01_LaunchApplication" time="0.043">
    <system-err><![CDATA[Jan 05, 2026 4:27:10 PM org.openqa.selenium.manager.SeleniumManager lambda$runCommand$1
WARNING: There was an error managing msedgedriver (error sending request for url (https://msedgedriver.azureedge.net/LATEST_RELEASE_143_WINDOWS)); using driver found in the cache
Jan 05, 2026 4:27:11 PM org.openqa.selenium.devtools.CdpVersionFinder findNearestMatch
WARNING: Unable to find CDP implementation matching 143
Jan 05, 2026 4:27:11 PM org.openqa.selenium.chromium.ChromiumDriver lambda$new$4
WARNING: Unable to find version of CDP to use for 143.0.7499.170. You may need to include a dependency on a specific version of the CDP using something similar to `org.seleniumhq.selenium:selenium-devtools-v86:4.31.0` where the version ("v86") matches the version of the chromium-based browser you're using and the version number of the artifact is the same as Selenium's.
Jan 05, 2026 4:27:11 PM org.openqa.selenium.devtools.CdpVersionFinder findNearestMatch
WARNING: Unable to find CDP implementation matching 143
Jan 05, 2026 4:27:11 PM org.openqa.selenium.chromium.ChromiumDriver lambda$new$4
WARNING: Unable to find version of CDP to use for 143.0.3650.96. You may need to include a dependency on a specific version of the CDP using something similar to `org.seleniumhq.selenium:selenium-devtools-v86:4.31.0` where the version ("v86") matches the version of the chromium-based browser you're using and the version number of the artifact is the same as Selenium's.
]]></system-err>
  </testcase>
  <testcase name="testAddToCart" classname="testCases.TC03_AddToCart" time="2.0"/>
  <testcase name="testAddToCart" classname="testCases.TC03_AddToCart" time="2.588"/>
  <testcase name="testAddToCart" classname="testCases.TC03_AddToCart" time="0.876">
    <system-err><![CDATA[Jan 05, 2026 4:27:29 PM org.openqa.selenium.manager.SeleniumManager lambda$runCommand$1
WARNING: There was an error managing msedgedriver (error sending request for url (https://msedgedriver.azureedge.net/LATEST_RELEASE_143_WINDOWS)); using driver found in the cache
Jan 05, 2026 4:27:30 PM org.openqa.selenium.devtools.CdpVersionFinder findNearestMatch
WARNING: Unable to find CDP implementation matching 143
Jan 05, 2026 4:27:30 PM org.openqa.selenium.chromium.ChromiumDriver lambda$new$4
WARNING: Unable to find version of CDP to use for 143.0.7499.170. You may need to include a dependency on a specific version of the CDP using something similar to `org.seleniumhq.selenium:selenium-devtools-v86:4.31.0` where the version ("v86") matches the version of the chromium-based browser you're using and the version number of the artifact is the same as Selenium's.
Jan 05, 2026 4:27:31 PM org.openqa.selenium.devtools.CdpVersionFinder findNearestMatch
WARNING: Unable to find CDP implementation matching 143
Jan 05, 2026 4:27:31 PM org.openqa.selenium.chromium.ChromiumDriver lambda$new$4
WARNING: Unable to find version of CDP to use for 143.0.3650.96. You may need to include a dependency on a specific version of the CDP using something similar to `org.seleniumhq.selenium:selenium-devtools-v86:4.31.0` where the version ("v86") matches the version of the chromium-based browser you're using and the version number of the artifact is the same as Selenium's.
]]></system-err>
  </testcase>
  <testcase name="testAddToWishList" classname="testCases.TC05_AddToWishList" time="0.228">
    <system-err><![CDATA[Jan 05, 2026 4:27:18 PM org.openqa.selenium.manager.SeleniumManager lambda$runCommand$1
WARNING: There was an error managing msedgedriver (error sending request for url (https://msedgedriver.azureedge.net/LATEST_RELEASE_143_WINDOWS)); using driver found in the cache
Jan 05, 2026 4:27:19 PM org.openqa.selenium.devtools.CdpVersionFinder findNearestMatch
WARNING: Unable to find CDP implementation matching 143
Jan 05, 2026 4:27:19 PM org.openqa.selenium.chromium.ChromiumDriver lambda$new$4
WARNING: Unable to find version of CDP to use for 143.0.3650.96. You may need to include a dependency on a specific version of the CDP using something similar to `org.seleniumhq.selenium:selenium-devtools-v86:4.31.0` where the version ("v86") matches the version of the chromium-based browser you're using and the version number of the artifact is the same as Selenium's.
Jan 05, 2026 4:27:19 PM org.openqa.selenium.devtools.CdpVersionFinder findNearestMatch
WARNING: Unable to find CDP implementation matching 143
Jan 05, 2026 4:27:19 PM org.openqa.selenium.chromium.ChromiumDriver lambda$new$4
WARNING: Unable to find version of CDP to use for 143.0.7499.170. You may need to include a dependency on a specific version of the CDP using something similar to `org.seleniumhq.selenium:selenium-devtools-v86:4.31.0` where the version ("v86") matches the version of the chromium-based browser you're using and the version number of the artifact is the same as Selenium's.
]]></system-err>
  </testcase>
  <testcase name="testAddToWishList" classname="testCases.TC05_AddToWishList" time="0.373"/>
  <testcase name="testAddToWishList" classname="testCases.TC05_AddToWishList" time="0.109">
    <system-err><![CDATA[Jan 05, 2026 4:27:42 PM org.openqa.selenium.manager.SeleniumManager lambda$runCommand$1
WARNING: There was an error managing msedgedriver (error sending request for url (https://msedgedriver.azureedge.net/LATEST_RELEASE_143_WINDOWS)); using driver found in the cache
Jan 05, 2026 4:27:42 PM org.openqa.selenium.devtools.CdpVersionFinder findNearestMatch
WARNING: Unable to find CDP implementation matching 143
Jan 05, 2026 4:27:42 PM org.openqa.selenium.chromium.ChromiumDriver lambda$new$4
WARNING: Unable to find version of CDP to use for 143.0.7499.170. You may need to include a dependency on a specific version of the CDP using something similar to `org.seleniumhq.selenium:selenium-devtools-v86:4.31.0` where the version ("v86") matches the version of the chromium-based browser you're using and the version number of the artifact is the same as Selenium's.
Jan 05, 2026 4:27:43 PM org.openqa.selenium.devtools.CdpVersionFinder findNearestMatch
WARNING: Unable to find CDP implementation matching 143
Jan 05, 2026 4:27:43 PM org.openqa.selenium.chromium.ChromiumDriver lambda$new$4
WARNING: Unable to find version of CDP to use for 143.0.3650.96. You may need to include a dependency on a specific version of the CDP using something similar to `org.seleniumhq.selenium:selenium-devtools-v86:4.31.0` where the version ("v86") matches the version of the chromium-based browser you're using and the version number of the artifact is the same as Selenium's.
]]></system-err>
  </testcase>
  <testcase name="testAddAffiliate" classname="testCases.TC06_AddAffiliate" time="6.304"/>
  <testcase name="testAddAffiliate" classname="testCases.TC06_AddAffiliate" time="7.984"/>
  <testcase name="testAddAffiliate" classname="testCases.TC06_AddAffiliate" time="2.381"/>
  <testcase name="testLogin[smitasharma.qa@gmail.com, ss*QA123](1)" classname="testCases.TC02_Login" time="2.614"/>
  <testcase name="testLogin[smitasharma.qa@gmail.com, ss*QA123](1)" classname="testCases.TC02_Login" time="0.371"/>
  <testcase name="testLogin[smitasharma.qa@gmail.com, ss*QA123](1)" classname="testCases.TC02_Login" time="0.806"/>
  <testcase name="testLogin[nona@yahoo.com, QWER!@#$](2)" classname="testCases.TC02_Login" time="1.651"/>
  <testcase name="testLogin[nona@yahoo.com, QWER!@#$](2)" classname="testCases.TC02_Login" time="0.292"/>
  <testcase name="testLogin[nona@yahoo.com, QWER!@#$](2)" classname="testCases.TC02_Login" time="1.527"/>
  <testcase name="testLogin[sid@cloudberry.services, Test123](3)" classname="testCases.TC02_Login" time="3.004"/>
  <testcase name="testLogin[sid@cloudberry.services, Test123](3)" classname="testCases.TC02_Login" time="0.033"/>
  <testcase name="testLogin[sid@cloudberry.services, Test123](3)" classname="testCases.TC02_Login" time="1.507"/>
  <testcase name="testLogin[apushedwoman@gmail.com, password123](4)" classname="testCases.TC02_Login" time="0.957"/>
  <testcase name="testLogin[apushedwoman@gmail.com, password123](4)" classname="testCases.TC02_Login" time="0.182"/>
  <testcase name="testLogin[apushedwoman@gmail.com, password123](4)" classname="testCases.TC02_Login" time="1.388"/>
  <testcase name="testLogin[hichamkhachiai@gmail.com, hicham123](5)" classname="testCases.TC02_Login" time="2.867"/>
  <testcase name="testLogin[hichamkhachiai@gmail.com, hicham123](5)" classname="testCases.TC02_Login" time="3.038"/>
  <testcase name="testLogin[hichamkhachiai@gmail.com, hicham123](5)" classname="testCases.TC02_Login" time="1.256"/>
  <testcase name="testCompletePurchase" classname="testCases.TC04_CompletePurchase" time="0.723">
    <system-err><![CDATA[Jan 05, 2026 4:28:03 PM org.openqa.selenium.manager.SeleniumManager lambda$runCommand$1
WARNING: There was an error managing msedgedriver (error sending request for url (https://msedgedriver.azureedge.net/LATEST_RELEASE_143_WINDOWS)); using driver found in the cache
Jan 05, 2026 4:28:04 PM org.openqa.selenium.devtools.CdpVersionFinder findNearestMatch
WARNING: Unable to find CDP implementation matching 143
Jan 05, 2026 4:28:04 PM org.openqa.selenium.chromium.ChromiumDriver lambda$new$4
WARNING: Unable to find version of CDP to use for 143.0.7499.170. You may need to include a dependency on a specific version of the CDP using something similar to `org.seleniumhq.selenium:selenium-devtools-v86:4.31.0` where the version ("v86") matches the version of the chromium-based browser you're using and the version number of the artifact is the same as Selenium's.
Jan 05, 2026 4:28:05 PM org.openqa.selenium.devtools.CdpVersionFinder findNearestMatch
WARNING: Unable to find CDP implementation matching 143
Jan 05, 2026 4:28:05 PM org.openqa.selenium.chromium.ChromiumDriver lambda$new$4
WARNING: Unable to find version of CDP to use for 143.0.3650.96. You may need to include a dependency on a specific version of the CDP using something similar to `org.seleniumhq.selenium:selenium-devtools-v86:4.31.0` where the version ("v86") matches the version of the chromium-based browser you're using and the version number of the artifact is the same as Selenium's.
]]></system-err>
  </testcase>
  <testcase name="testCompletePurchase" classname="testCases.TC04_CompletePurchase" time="0.0">
    <skipped message="Test failed due to exception: stale element reference: stale element not found&#10;  (Session info: chrome=143.0.7499.170)&#10;For documentation on this error, please visit: https://www.selenium.dev/documentation/webdriver/troubleshooting/errors#stale-element-reference-exception&#10;Build info: version: &apos;4.31.0&apos;, revision: &apos;1ef9f18787*&apos;&#10;System info: os.name: &apos;Windows 11&apos;, os.arch: &apos;amd64&apos;, os.version: &apos;10.0&apos;, java.version: &apos;21.0.6&apos;&#10;Driver info: org.openqa.selenium.chrome.ChromeDriver&#10;Command: [eb9e6c0e5be52463b2ab823eb7560b26, clickElement {id=f.BB1F48824244ECA5ABD15839AEC0BD5B.d.CF0A51D07440700B712D2AD203C855BB.e.211}]&#10;Capabilities {acceptInsecureCerts: false, browserName: chrome, browserVersion: 143.0.7499.170, chrome: {chromedriverVersion: 143.0.7499.169 (164b20aab62..., userDataDir: C:\Users\shada\AppData\Loca...}, fedcm:accounts: true, goog:chromeOptions: {debuggerAddress: localhost:57224}, goog:processID: 16736, networkConnectionEnabled: false, pageLoadStrategy: normal, platformName: windows, proxy: Proxy(), se:cdp: ws://localhost:57224/devtoo..., se:cdpVersion: 143.0.7499.170, setWindowRect: true, strictFileInteractability: false, timeouts: {implicit: 0, pageLoad: 300000, script: 30000}, unhandledPromptBehavior: dismiss and notify, webauthn:extension:credBlob: true, webauthn:extension:largeBlob: true, webauthn:extension:minPinLength: true, webauthn:extension:prf: true, webauthn:virtualAuthenticators: true}&#10;Element: [[ChromeDriver: chrome on windows (eb9e6c0e5be52463b2ab823eb7560b26)] -&gt; id: button-shipping-methods]&#10;Session ID: eb9e6c0e5be52463b2ab823eb7560b26"/>
  </testcase>
  <testcase name="testCompletePurchase" classname="testCases.TC04_CompletePurchase" time="0.0">
    <skipped message="Test failed due to exception: Element &lt;button id=&quot;button-payment-methods&quot; class=&quot;btn btn-primary&quot; type=&quot;button&quot;&gt; is not clickable at point (1163,527) because another element &lt;div id=&quot;modal-shipping&quot; class=&quot;modal show&quot;&gt; obscures it&#10;Build info: version: &apos;4.31.0&apos;, revision: &apos;1ef9f18787*&apos;&#10;System info: os.name: &apos;Windows 11&apos;, os.arch: &apos;amd64&apos;, os.version: &apos;10.0&apos;, java.version: &apos;21.0.6&apos;&#10;Driver info: org.openqa.selenium.firefox.FirefoxDriver&#10;Command: [4e08ad43-1c15-4e11-a633-cc7ac7d74265, clickElement {id=bb5e416b-e067-47d5-9ead-ca1ebe67cda9}]&#10;Capabilities {acceptInsecureCerts: true, browserName: firefox, browserVersion: 146.0.1, moz:accessibilityChecks: false, moz:buildID: 20251217121356, moz:geckodriverVersion: 0.36.0, moz:headless: false, moz:platformVersion: 10.0, moz:processID: 48780, moz:profile: C:\Users\shada\AppData\Loca..., moz:shutdownTimeout: 60000, moz:webdriverClick: true, moz:windowless: false, pageLoadStrategy: normal, platformName: windows, proxy: Proxy(), setWindowRect: true, strictFileInteractability: false, timeouts: {implicit: 0, pageLoad: 300000, script: 30000}, unhandledPromptBehavior: dismiss and notify, userAgent: Mozilla/5.0 (Windows NT 10....}&#10;Element: [[FirefoxDriver: firefox on windows (4e08ad43-1c15-4e11-a633-cc7ac7d74265)] -&gt; id: button-payment-methods]&#10;Session ID: 4e08ad43-1c15-4e11-a633-cc7ac7d74265"/>
  </testcase>
  <testcase name="testCompletePurchase" classname="testCases.TC04_CompletePurchase" time="0.0">
    <skipped message="Test failed due to exception: Element &lt;a href=&quot;https://www.cloudberrystore.services/index.php?route=product/product&amp;language=en-gb&amp;product_id=47&quot;&gt; could not be scrolled into view&#10;Build info: version: &apos;4.31.0&apos;, revision: &apos;1ef9f18787*&apos;&#10;System info: os.name: &apos;Windows 11&apos;, os.arch: &apos;amd64&apos;, os.version: &apos;10.0&apos;, java.version: &apos;21.0.6&apos;&#10;Driver info: org.openqa.selenium.firefox.FirefoxDriver&#10;Command: [4e08ad43-1c15-4e11-a633-cc7ac7d74265, clickElement {id=2ec36ca3-2080-44de-9cb6-e100a647469c}]&#10;Capabilities {acceptInsecureCerts: true, browserName: firefox, browserVersion: 146.0.1, moz:accessibilityChecks: false, moz:buildID: 20251217121356, moz:geckodriverVersion: 0.36.0, moz:headless: false, moz:platformVersion: 10.0, moz:processID: 48780, moz:profile: C:\Users\shada\AppData\Loca..., moz:shutdownTimeout: 60000, moz:webdriverClick: true, moz:windowless: false, pageLoadStrategy: normal, platformName: windows, proxy: Proxy(), setWindowRect: true, strictFileInteractability: false, timeouts: {implicit: 0, pageLoad: 300000, script: 30000}, unhandledPromptBehavior: dismiss and notify, userAgent: Mozilla/5.0 (Windows NT 10....}&#10;Element: [[FirefoxDriver: firefox on windows (4e08ad43-1c15-4e11-a633-cc7ac7d74265)] -&gt; xpath: //a[normalize-space()=&apos;HP LP3065&apos;]]&#10;Session ID: 4e08ad43-1c15-4e11-a633-cc7ac7d74265"/>
  </testcase>
  <testcase name="testCompletePurchase" classname="testCases.TC04_CompletePurchase" time="2.008">
    <failure message="Test failed due to exception: Element &lt;a href=&quot;https://www.cloudberrystore.services/index.php?route=product/product&amp;language=en-gb&amp;product_id=47&quot;&gt; could not be scrolled into view&#10;Build info: version: &apos;4.31.0&apos;, revision: &apos;1ef9f18787*&apos;&#10;System info: os.name: &apos;Windows 11&apos;, os.arch: &apos;amd64&apos;, os.version: &apos;10.0&apos;, java.version: &apos;21.0.6&apos;&#10;Driver info: org.openqa.selenium.firefox.FirefoxDriver&#10;Command: [4e08ad43-1c15-4e11-a633-cc7ac7d74265, clickElement {id=3e942280-9326-4ed2-bde0-f5ef9f85db5d}]&#10;Capabilities {acceptInsecureCerts: true, browserName: firefox, browserVersion: 146.0.1, moz:accessibilityChecks: false, moz:buildID: 20251217121356, moz:geckodriverVersion: 0.36.0, moz:headless: false, moz:platformVersion: 10.0, moz:processID: 48780, moz:profile: C:\Users\shada\AppData\Loca..., moz:shutdownTimeout: 60000, moz:webdriverClick: true, moz:windowless: false, pageLoadStrategy: normal, platformName: windows, proxy: Proxy(), setWindowRect: true, strictFileInteractability: false, timeouts: {implicit: 0, pageLoad: 300000, script: 30000}, unhandledPromptBehavior: dismiss and notify, userAgent: Mozilla/5.0 (Windows NT 10....}&#10;Element: [[FirefoxDriver: firefox on windows (4e08ad43-1c15-4e11-a633-cc7ac7d74265)] -&gt; xpath: //a[normalize-space()=&apos;HP LP3065&apos;]]&#10;Session ID: 4e08ad43-1c15-4e11-a633-cc7ac7d74265" type="java.lang.AssertionError"><![CDATA[java.lang.AssertionError: 
Test failed due to exception: Element <a href="https://www.cloudberrystore.services/index.php?route=product/product&language=en-gb&product_id=47"> could not be scrolled into view
Build info: version: '4.31.0', revision: '1ef9f18787*'
System info: os.name: 'Windows 11', os.arch: 'amd64', os.version: '10.0', java.version: '21.0.6'
Driver info: org.openqa.selenium.firefox.FirefoxDriver
Command: [4e08ad43-1c15-4e11-a633-cc7ac7d74265, clickElement {id=3e942280-9326-4ed2-bde0-f5ef9f85db5d}]
Capabilities {acceptInsecureCerts: true, browserName: firefox, browserVersion: 146.0.1, moz:accessibilityChecks: false, moz:buildID: 20251217121356, moz:geckodriverVersion: 0.36.0, moz:headless: false, moz:platformVersion: 10.0, moz:processID: 48780, moz:profile: C:\Users\shada\AppData\Loca..., moz:shutdownTimeout: 60000, moz:webdriverClick: true, moz:windowless: false, pageLoadStrategy: normal, platformName: windows, proxy: Proxy(), setWindowRect: true, strictFileInteractability: false, timeouts: {implicit: 0, pageLoad: 300000, script: 30000}, unhandledPromptBehavior: dismiss and notify, userAgent: Mozilla/5.0 (Windows NT 10....}
Element: [[FirefoxDriver: firefox on windows (4e08ad43-1c15-4e11-a633-cc7ac7d74265)] -> xpath: //a[normalize-space()='HP LP3065']]
Session ID: 4e08ad43-1c15-4e11-a633-cc7ac7d74265
	at org.testng.Assert.fail(Assert.java:111)
	at testCases.TC04_CompletePurchase.testCompletePurchase(TC04_CompletePurchase.java:105)
	at java.base/jdk.internal.reflect.DirectMethodHandleAccessor.invoke(DirectMethodHandleAccessor.java:103)
	at java.base/java.lang.reflect.Method.invoke(Method.java:580)
	at org.testng.internal.invokers.MethodInvocationHelper.invokeMethod(MethodInvocationHelper.java:141)
	at org.testng.internal.invokers.TestInvoker.invokeMethod(TestInvoker.java:687)
	at org.testng.internal.invokers.TestInvoker.retryFailed(TestInvoker.java:269)
	at org.testng.internal.invokers.MethodRunner.runInSequence(MethodRunner.java:76)
	at org.testng.internal.invokers.TestInvoker$MethodInvocationAgent.invoke(TestInvoker.java:995)
	at org.testng.internal.invokers.TestInvoker.invokeTestMethods(TestInvoker.java:203)
	at org.testng.internal.invokers.TestMethodWorker.invokeTestMethods(TestMethodWorker.java:154)
	at org.testng.internal.invokers.TestMethodWorker.run(TestMethodWorker.java:134)
	at java.base/java.util.ArrayList.forEach(ArrayList.java:1596)
	at org.testng.TestRunner.privateRun(TestRunner.java:741)
	at org.testng.TestRunner.run(TestRunner.java:616)
	at org.testng.SuiteRunner.runTest(SuiteRunner.java:421)
	at org.testng.SuiteRunner$SuiteWorker.run(SuiteRunner.java:463)
	at org.testng.internal.thread.ThreadUtil.lambda$execute$0(ThreadUtil.java:64)
	at java.base/java.util.concurrent.FutureTask.run(FutureTask.java:317)
	at java.base/java.util.concurrent.ThreadPoolExecutor.runWorker(ThreadPoolExecutor.java:1144)
	at java.base/java.util.concurrent.ThreadPoolExecutor$Worker.run(ThreadPoolExecutor.java:642)
	at java.base/java.lang.Thread.run(Thread.java:1583)
]]></failure>
  </testcase>
  <testcase name="testCompletePurchase" classname="testCases.TC04_CompletePurchase" time="0.0">
    <skipped message="Test failed due to exception: no such element: Unable to locate element: {&quot;method&quot;:&quot;xpath&quot;,&quot;selector&quot;:&quot;//strong[normalize-space()=&apos;login page&apos;]&quot;}&#10;  (Session info: chrome=143.0.7499.170)&#10;For documentation on this error, please visit: https://www.selenium.dev/documentation/webdriver/troubleshooting/errors#no-such-element-exception&#10;Build info: version: &apos;4.31.0&apos;, revision: &apos;1ef9f18787*&apos;&#10;System info: os.name: &apos;Windows 11&apos;, os.arch: &apos;amd64&apos;, os.version: &apos;10.0&apos;, java.version: &apos;21.0.6&apos;&#10;Driver info: org.openqa.selenium.chrome.ChromeDriver&#10;Command: [eb9e6c0e5be52463b2ab823eb7560b26, findElement {value=//strong[normalize-space()=&apos;login page&apos;], using=xpath}]&#10;Capabilities {acceptInsecureCerts: false, browserName: chrome, browserVersion: 143.0.7499.170, chrome: {chromedriverVersion: 143.0.7499.169 (164b20aab62..., userDataDir: C:\Users\shada\AppData\Loca...}, fedcm:accounts: true, goog:chromeOptions: {debuggerAddress: localhost:57224}, goog:processID: 16736, networkConnectionEnabled: false, pageLoadStrategy: normal, platformName: windows, proxy: Proxy(), se:cdp: ws://localhost:57224/devtoo..., se:cdpVersion: 143.0.7499.170, setWindowRect: true, strictFileInteractability: false, timeouts: {implicit: 0, pageLoad: 300000, script: 30000}, unhandledPromptBehavior: dismiss and notify, webauthn:extension:credBlob: true, webauthn:extension:largeBlob: true, webauthn:extension:minPinLength: true, webauthn:extension:prf: true, webauthn:virtualAuthenticators: true}&#10;Session ID: eb9e6c0e5be52463b2ab823eb7560b26"/>
  </testcase>
  <testcase name="testCompletePurchase" classname="testCases.TC04_CompletePurchase" time="62.579">
    <failure message="Test failed due to exception: element not interactable&#10;  (Session info: chrome=143.0.7499.170)&#10;Build info: version: &apos;4.31.0&apos;, revision: &apos;1ef9f18787*&apos;&#10;System info: os.name: &apos;Windows 11&apos;, os.arch: &apos;amd64&apos;, os.version: &apos;10.0&apos;, java.version: &apos;21.0.6&apos;&#10;Driver info: org.openqa.selenium.chrome.ChromeDriver&#10;Command: [eb9e6c0e5be52463b2ab823eb7560b26, clickElement {id=f.BB1F48824244ECA5ABD15839AEC0BD5B.d.29EF1B540B66A99CE5285F36F13C9B74.e.309}]&#10;Capabilities {acceptInsecureCerts: false, browserName: chrome, browserVersion: 143.0.7499.170, chrome: {chromedriverVersion: 143.0.7499.169 (164b20aab62..., userDataDir: C:\Users\shada\AppData\Loca...}, fedcm:accounts: true, goog:chromeOptions: {debuggerAddress: localhost:57224}, goog:processID: 16736, networkConnectionEnabled: false, pageLoadStrategy: normal, platformName: windows, proxy: Proxy(), se:cdp: ws://localhost:57224/devtoo..., se:cdpVersion: 143.0.7499.170, setWindowRect: true, strictFileInteractability: false, timeouts: {implicit: 0, pageLoad: 300000, script: 30000}, unhandledPromptBehavior: dismiss and notify, webauthn:extension:credBlob: true, webauthn:extension:largeBlob: true, webauthn:extension:minPinLength: true, webauthn:extension:prf: true, webauthn:virtualAuthenticators: true}&#10;Element: [[ChromeDriver: chrome on windows (eb9e6c0e5be52463b2ab823eb7560b26)] -&gt; xpath: //a[normalize-space()=&apos;HP LP3065&apos;]]&#10;Session ID: eb9e6c0e5be52463b2ab823eb7560b26" type="java.lang.AssertionError"><![CDATA[java.lang.AssertionError: 
Test failed due to exception: element not interactable
  (Session info: chrome=143.0.7499.170)
Build info: version: '4.31.0', revision: '1ef9f18787*'
System info: os.name: 'Windows 11', os.arch: 'amd64', os.version: '10.0', java.version: '21.0.6'
Driver info: org.openqa.selenium.chrome.ChromeDriver
Command: [eb9e6c0e5be52463b2ab823eb7560b26, clickElement {id=f.BB1F48824244ECA5ABD15839AEC0BD5B.d.29EF1B540B66A99CE5285F36F13C9B74.e.309}]
Capabilities {acceptInsecureCerts: false, browserName: chrome, browserVersion: 143.0.7499.170, chrome: {chromedriverVersion: 143.0.7499.169 (164b20aab62..., userDataDir: C:\Users\shada\AppData\Loca...}, fedcm:accounts: true, goog:chromeOptions: {debuggerAddress: localhost:57224}, goog:processID: 16736, networkConnectionEnabled: false, pageLoadStrategy: normal, platformName: windows, proxy: Proxy(), se:cdp: ws://localhost:57224/devtoo..., se:cdpVersion: 143.0.7499.170, setWindowRect: true, strictFileInteractability: false, timeouts: {implicit: 0, pageLoad: 300000, script: 30000}, unhandledPromptBehavior: dismiss and notify, webauthn:extension:credBlob: true, webauthn:extension:largeBlob: true, webauthn:extension:minPinLength: true, webauthn:extension:prf: true, webauthn:virtualAuthenticators: true}
Element: [[ChromeDriver: chrome on windows (eb9e6c0e5be52463b2ab823eb7560b26)] -> xpath: //a[normalize-space()='HP LP3065']]
Session ID: eb9e6c0e5be52463b2ab823eb7560b26
	at org.testng.Assert.fail(Assert.java:111)
	at testCases.TC04_CompletePurchase.testCompletePurchase(TC04_CompletePurchase.java:105)
	at java.base/jdk.internal.reflect.DirectMethodHandleAccessor.invoke(DirectMethodHandleAccessor.java:103)
	at java.base/java.lang.reflect.Method.invoke(Method.java:580)
	at org.testng.internal.invokers.MethodInvocationHelper.invokeMethod(MethodInvocationHelper.java:141)
	at org.testng.internal.invokers.TestInvoker.invokeMethod(TestInvoker.java:687)
	at org.testng.internal.invokers.TestInvoker.retryFailed(TestInvoker.java:269)
	at org.testng.internal.invokers.MethodRunner.runInSequence(MethodRunner.java:76)
	at org.testng.internal.invokers.TestInvoker$MethodInvocationAgent.invoke(TestInvoker.java:995)
	at org.testng.internal.invokers.TestInvoker.invokeTestMethods(TestInvoker.java:203)
	at org.testng.internal.invokers.TestMethodWorker.invokeTestMethods(TestMethodWorker.java:154)
	at org.testng.internal.invokers.TestMethodWorker.run(TestMethodWorker.java:134)
	at java.base/java.util.ArrayList.forEach(ArrayList.java:1596)
	at org.testng.TestRunner.privateRun(TestRunner.java:741)
	at org.testng.TestRunner.run(TestRunner.java:616)
	at org.testng.SuiteRunner.runTest(SuiteRunner.java:421)
	at org.testng.SuiteRunner$SuiteWorker.run(SuiteRunner.java:463)
	at org.testng.internal.thread.ThreadUtil.lambda$execute$0(ThreadUtil.java:64)
	at java.base/java.util.concurrent.FutureTask.run(FutureTask.java:317)
	at java.base/java.util.concurrent.ThreadPoolExecutor.runWorker(ThreadPoolExecutor.java:1144)
	at java.base/java.util.concurrent.ThreadPoolExecutor$Worker.run(ThreadPoolExecutor.java:642)
	at java.base/java.lang.Thread.run(Thread.java:1583)
]]></failure>
  </testcase>
</testsuite>