<?xml version="1.0" encoding="UTF-8"?>
<!-- Generated by org.testng.reporters.JUnitReportReporter -->
<testsuite hostname="Zainaya" failures="0" tests="3" name="testCases.TC03_AddToCart" time="17.601" errors="0" timestamp="2026-01-02T15:44:48 EST" skipped="0">
  <testcase classname="testCases.TC03_AddToCart" name="testAddToCart" time="5.863"/>
  <testcase classname="testCases.TC03_AddToCart" name="testAddToCart" time="4.010"/>
  <testcase classname="testCases.TC03_AddToCart" name="testAddToCart" time="7.728"/>
</testsuite> <!-- testCases.TC03_AddToCart -->
