<?xml version="1.0" encoding="UTF-8"?>
<!-- Generated by org.testng.reporters.JUnitReportReporter -->
<testsuite hostname="Zainaya" failures="0" tests="15" name="testCases.TC02_Login" time="36.255" errors="0" timestamp="2026-01-02T15:44:48 EST" skipped="0">
  <testcase classname="testCases.TC02_Login" name="testLogin" time="3.590"/>
  <testcase classname="testCases.TC02_Login" name="testLogin" time="3.209"/>
  <testcase classname="testCases.TC02_Login" name="testLogin" time="3.074"/>
  <testcase classname="testCases.TC02_Login" name="testLogin" time="2.587"/>
  <testcase classname="testCases.TC02_Login" name="testLogin" time="2.046"/>
  <testcase classname="testCases.TC02_Login" name="testLogin" time="1.597"/>
  <testcase classname="testCases.TC02_Login" name="testLogin" time="2.061"/>
  <testcase classname="testCases.TC02_Login" name="testLogin" time="1.579"/>
  <testcase classname="testCases.TC02_Login" name="testLogin" time="1.347"/>
  <testcase classname="testCases.TC02_Login" name="testLogin" time="2.230"/>
  <testcase classname="testCases.TC02_Login" name="testLogin" time="1.422"/>
  <testcase classname="testCases.TC02_Login" name="testLogin" time="3.446"/>
  <testcase classname="testCases.TC02_Login" name="testLogin" time="2.728"/>
  <testcase classname="testCases.TC02_Login" name="testLogin" time="2.604"/>
  <testcase classname="testCases.TC02_Login" name="testLogin" time="2.735"/>
</testsuite> <!-- testCases.TC02_Login -->
