<?xml version="1.0" encoding="UTF-8"?>
<!-- Generated by org.testng.reporters.JUnitReportReporter -->
<testsuite hostname="Zainaya" failures="0" tests="3" name="testCases.TC06_AddAffiliate" time="20.846" errors="0" timestamp="2026-01-02T15:44:48 EST" skipped="0">
  <testcase classname="testCases.TC06_AddAffiliate" name="testAddAffiliate" time="4.222"/>
  <testcase classname="testCases.TC06_AddAffiliate" name="testAddAffiliate" time="8.462"/>
  <testcase classname="testCases.TC06_AddAffiliate" name="testAddAffiliate" time="8.162"/>
</testsuite> <!-- testCases.TC06_AddAffiliate -->
