<?xml version="1.0" encoding="UTF-8"?>
<!-- Generated by org.testng.reporters.JUnitReportReporter -->
<testsuite hostname="Zainaya" failures="0" tests="3" name="testCases.TC05_AddToWishList" time="15.770" errors="0" timestamp="2026-01-02T15:44:48 EST" skipped="0">
  <testcase classname="testCases.TC05_AddToWishList" name="testAddToWishList" time="6.133"/>
  <testcase classname="testCases.TC05_AddToWishList" name="testAddToWishList" time="4.233"/>
  <testcase classname="testCases.TC05_AddToWishList" name="testAddToWishList" time="5.404"/>
</testsuite> <!-- testCases.TC05_AddToWishList -->
