<?xml version="1.0" encoding="UTF-8"?>
<!-- Generated by org.testng.reporters.JUnitReportReporter -->
<testsuite hostname="Zainaya" failures="0" tests="3" name="testCases.TC01_LaunchApplication" time="0.891" errors="0" timestamp="2026-01-05T16:30:25 EST" skipped="0">
  <testcase classname="testCases.TC01_LaunchApplication" name="testLaunchApplication" time="0.037"/>
  <testcase classname="testCases.TC01_LaunchApplication" name="testLaunchApplication" time="0.022"/>
  <testcase classname="testCases.TC01_LaunchApplication" name="testLaunchApplication" time="0.832"/>
</testsuite> <!-- testCases.TC01_LaunchApplication -->
