<?xml version="1.0" encoding="UTF-8"?>
<!-- Generated by org.testng.reporters.JUnitReportReporter -->
<testsuite hostname="Zainaya" failures="0" tests="3" name="testCases.TC05_AddToWishList" time="18.116" errors="0" timestamp="2026-01-05T16:30:25 EST" skipped="0">
  <testcase classname="testCases.TC05_AddToWishList" name="testAddToWishList" time="6.672"/>
  <testcase classname="testCases.TC05_AddToWishList" name="testAddToWishList" time="6.649"/>
  <testcase classname="testCases.TC05_AddToWishList" name="testAddToWishList" time="4.795"/>
</testsuite> <!-- testCases.TC05_AddToWishList -->
