<?xml version="1.0" encoding="UTF-8"?>
<!-- Generated by org.testng.reporters.JUnitReportReporter -->
<testsuite hostname="Zainaya" failures="0" tests="3" name="testCases.TC06_AddAffiliate" time="19.878" errors="0" timestamp="2026-01-05T16:30:25 EST" skipped="0">
  <testcase classname="testCases.TC06_AddAffiliate" name="testAddAffiliate" time="8.377"/>
  <testcase classname="testCases.TC06_AddAffiliate" name="testAddAffiliate" time="3.518"/>
  <testcase classname="testCases.TC06_AddAffiliate" name="testAddAffiliate" time="7.983"/>
</testsuite> <!-- testCases.TC06_AddAffiliate -->
