<?xml version="1.0" encoding="UTF-8"?>
<!-- Generated by org.testng.reporters.JUnitReportReporter -->
<testsuite hostname="Zainaya" failures="0" tests="3" name="testCases.TC03_AddToCart" time="13.702" errors="0" timestamp="2026-01-05T16:30:25 EST" skipped="0">
  <testcase classname="testCases.TC03_AddToCart" name="testAddToCart" time="4.421"/>
  <testcase classname="testCases.TC03_AddToCart" name="testAddToCart" time="4.304"/>
  <testcase classname="testCases.TC03_AddToCart" name="testAddToCart" time="4.977"/>
</testsuite> <!-- testCases.TC03_AddToCart -->
